0 verbose cli /data/data/com.termux/files/usr/bin/node /data/data/com.termux/files/usr/bin/npm
1 info using npm@11.5.1
2 info using node@v24.7.0
3 silly config load:file:/data/data/com.termux/files/usr/lib/node_modules/npm/npmrc
4 silly config load:file:/data/data/com.termux/files/home/mongodb-data-layer-fundamentals-and-advanced-techniques-EUTYCUS-36/.npmrc
5 silly config load:file:/data/data/com.termux/files/home/.npmrc
6 silly config load:file:/data/data/com.termux/files/usr/etc/npmrc
7 verbose title npm install mongodb
8 verbose argv "install" "mongodb"
9 verbose logfile logs-max:10 dir:/data/data/com.termux/files/home/.npm/_logs/2025-10-03T05_04_54_373Z-
10 verbose logfile /data/data/com.termux/files/home/.npm/_logs/2025-10-03T05_04_54_373Z-debug-0.log
11 silly logfile done cleaning log files
12 silly packumentCache heap:1174405120 maxSize:293601280 maxEntrySize:146800640
13 silly idealTree buildDeps
14 silly fetch manifest mongodb@^6.20.0
15 silly packumentCache full:https://registry.npmjs.org/mongodb cache-miss
16 http fetch GET 200 https://registry.npmjs.org/mongodb 1394ms (cache revalidated)
17 silly packumentCache full:https://registry.npmjs.org/mongodb set size:3607061 disposed:false
18 silly fetch manifest @aws-sdk/credential-providers@^3.188.0
19 silly packumentCache full:https://registry.npmjs.org/@aws-sdk%2fcredential-providers cache-miss
20 http fetch GET 200 https://registry.npmjs.org/@aws-sdk%2fcredential-providers 437ms (cache revalidated)
21 silly packumentCache full:https://registry.npmjs.org/@aws-sdk%2fcredential-providers set size:1652174 disposed:false
22 silly fetch manifest @mongodb-js/zstd@^1.1.0 || ^2.0.0
23 silly packumentCache full:https://registry.npmjs.org/@mongodb-js%2fzstd cache-miss
24 http fetch GET 200 https://registry.npmjs.org/@mongodb-js%2fzstd 829ms (cache revalidated)
25 silly packumentCache full:https://registry.npmjs.org/@mongodb-js%2fzstd set size:91033 disposed:false
26 silly fetch manifest gcp-metadata@^5.2.0
27 silly packumentCache full:https://registry.npmjs.org/gcp-metadata cache-miss
28 http fetch GET 200 https://registry.npmjs.org/gcp-metadata 441ms (cache revalidated)
29 silly packumentCache full:https://registry.npmjs.org/gcp-metadata set size:182287 disposed:false
30 silly fetch manifest kerberos@^2.0.1
31 silly packumentCache full:https://registry.npmjs.org/kerberos cache-miss
32 http fetch GET 200 https://registry.npmjs.org/kerberos 832ms (cache revalidated)
33 silly packumentCache full:https://registry.npmjs.org/kerberos set size:110721 disposed:false
34 silly fetch manifest mongodb-client-encryption@>=6.0.0 <7
35 silly packumentCache full:https://registry.npmjs.org/mongodb-client-encryption cache-miss
36 http fetch GET 200 https://registry.npmjs.org/mongodb-client-encryption 446ms (cache revalidated)
37 silly packumentCache full:https://registry.npmjs.org/mongodb-client-encryption set size:253668 disposed:false
38 silly fetch manifest snappy@^7.3.2
39 silly packumentCache full:https://registry.npmjs.org/snappy cache-miss
40 http fetch GET 200 https://registry.npmjs.org/snappy 942ms (cache revalidated)
41 silly packumentCache full:https://registry.npmjs.org/snappy set size:185121 disposed:false
42 silly fetch manifest socks@^2.7.1
43 silly packumentCache full:https://registry.npmjs.org/socks cache-miss
44 http fetch GET 200 https://registry.npmjs.org/socks 721ms (cache revalidated)
45 silly packumentCache full:https://registry.npmjs.org/socks set size:168523 disposed:false
46 silly placeDep ROOT mongodb@6.20.0 REPLACE for: mongodb-data-layer-fundamentals-and-advanced-techniques-eutycus-36@1.0.0 want: ^6.20.0
47 silly reify moves {}
48 silly audit bulk request {
48 silly audit   '@mongodb-js/saslprep': [ '1.3.1' ],
48 silly audit   '@types/webidl-conversions': [ '7.0.3' ],
48 silly audit   '@types/whatwg-url': [ '11.0.5' ],
48 silly audit   bson: [ '6.10.4' ],
48 silly audit   'memory-pager': [ '1.5.0' ],
48 silly audit   'mongodb-connection-string-url': [ '3.0.2' ],
48 silly audit   punycode: [ '2.3.1' ],
48 silly audit   'sparse-bitfield': [ '3.0.3' ],
48 silly audit   tr46: [ '5.1.1' ],
48 silly audit   'webidl-conversions': [ '7.0.0' ],
48 silly audit   'whatwg-url': [ '14.2.0' ],
48 silly audit   mongodb: [ '6.20.0' ]
48 silly audit }
49 http fetch POST 200 https://registry.npmjs.org/-/npm/v1/security/advisories/bulk 653ms
50 silly audit report {}
51 verbose cwd /data/data/com.termux/files/home/mongodb-data-layer-fundamentals-and-advanced-techniques-EUTYCUS-36
52 verbose os Linux 5.10.209-android12-9-00016-g7c6bbcca33e1-ab12029497
53 verbose node v24.7.0
54 verbose npm  v11.5.1
55 verbose exit 0
56 info ok
