0 verbose cli /data/data/com.termux/files/usr/bin/node /data/data/com.termux/files/usr/bin/npm
1 info using npm@11.5.1
2 info using node@v24.7.0
3 silly config load:file:/data/data/com.termux/files/usr/lib/node_modules/npm/npmrc
4 silly config load:file:/data/data/com.termux/files/home/.npmrc
5 silly config load:file:/data/data/com.termux/files/usr/etc/npmrc
6 verbose title npm install express dotenv
7 verbose argv "install" "express" "dotenv"
8 verbose logfile logs-max:10 dir:/data/data/com.termux/files/home/.npm/_logs/2025-10-09T16_11_45_635Z-
9 verbose logfile /data/data/com.termux/files/home/.npm/_logs/2025-10-09T16_11_45_635Z-debug-0.log
10 silly logfile done cleaning log files
11 silly packumentCache heap:1174405120 maxSize:293601280 maxEntrySize:146800640
12 silly idealTree buildDeps
13 silly fetch manifest express@*
14 silly packumentCache full:https://registry.npmjs.org/express cache-miss
15 http fetch GET 200 https://registry.npmjs.org/express 1509ms (cache miss)
16 silly packumentCache full:https://registry.npmjs.org/express set size:undefined disposed:false
17 silly fetch manifest dotenv@*
18 silly packumentCache full:https://registry.npmjs.org/dotenv cache-miss
19 http fetch GET 200 https://registry.npmjs.org/dotenv 461ms (cache miss)
20 silly packumentCache full:https://registry.npmjs.org/dotenv set size:undefined disposed:false
21 silly placeDep ROOT dotenv@17.2.3 OK for:  want: *
22 silly placeDep ROOT express@5.1.0 OK for:  want: *
23 silly fetch manifest qs@^6.14.0
24 silly packumentCache full:https://registry.npmjs.org/qs cache-miss
25 silly fetch manifest etag@^1.8.1
26 silly packumentCache full:https://registry.npmjs.org/etag cache-miss
27 silly fetch manifest once@^1.4.0
28 silly packumentCache full:https://registry.npmjs.org/once cache-miss
29 silly fetch manifest send@^1.1.0
30 silly packumentCache full:https://registry.npmjs.org/send cache-miss
31 silly fetch manifest vary@^1.1.2
32 silly packumentCache full:https://registry.npmjs.org/vary cache-miss
33 silly fetch manifest debug@^4.4.0
34 silly packumentCache full:https://registry.npmjs.org/debug cache-miss
35 silly fetch manifest fresh@^2.0.0
36 silly packumentCache full:https://registry.npmjs.org/fresh cache-miss
37 http fetch GET 200 https://registry.npmjs.org/etag 251ms (cache miss)
38 silly packumentCache full:https://registry.npmjs.org/etag set size:undefined disposed:false
39 silly fetch manifest cookie@^0.7.1
40 silly packumentCache full:https://registry.npmjs.org/cookie cache-miss
41 http fetch GET 200 https://registry.npmjs.org/cookie 272ms (cache miss)
42 silly packumentCache full:https://registry.npmjs.org/cookie set size:undefined disposed:false
43 silly fetch manifest router@^2.2.0
44 silly packumentCache full:https://registry.npmjs.org/router cache-miss
45 http fetch GET 200 https://registry.npmjs.org/vary 909ms (cache miss)
46 silly packumentCache full:https://registry.npmjs.org/vary set size:undefined disposed:false
47 silly fetch manifest accepts@^2.0.0
48 silly packumentCache full:https://registry.npmjs.org/accepts cache-miss
49 http fetch GET 200 https://registry.npmjs.org/router 398ms (cache miss)
50 silly packumentCache full:https://registry.npmjs.org/router set size:undefined disposed:false
51 silly fetch manifest type-is@^2.0.1
52 silly packumentCache full:https://registry.npmjs.org/type-is cache-miss
53 http fetch GET 200 https://registry.npmjs.org/qs 977ms (cache miss)
54 silly packumentCache full:https://registry.npmjs.org/qs set size:undefined disposed:false
55 silly fetch manifest parseurl@^1.3.3
56 silly packumentCache full:https://registry.npmjs.org/parseurl cache-miss
57 http fetch GET 200 https://registry.npmjs.org/once 991ms (cache miss)
58 silly packumentCache full:https://registry.npmjs.org/once set size:undefined disposed:false
59 silly fetch manifest statuses@^2.0.1
60 silly packumentCache full:https://registry.npmjs.org/statuses cache-miss
61 http fetch GET 200 https://registry.npmjs.org/debug 993ms (cache miss)
62 silly packumentCache full:https://registry.npmjs.org/debug set size:undefined disposed:false
63 silly fetch manifest encodeurl@^2.0.0
64 silly packumentCache full:https://registry.npmjs.org/encodeurl cache-miss
65 http fetch GET 200 https://registry.npmjs.org/send 1015ms (cache miss)
66 silly packumentCache full:https://registry.npmjs.org/send set size:undefined disposed:false
67 silly fetch manifest mime-types@^3.0.0
68 silly packumentCache full:https://registry.npmjs.org/mime-types cache-miss
69 http fetch GET 200 https://registry.npmjs.org/fresh 1121ms (cache miss)
70 silly packumentCache full:https://registry.npmjs.org/fresh set size:undefined disposed:false
71 silly fetch manifest proxy-addr@^2.0.7
72 silly packumentCache full:https://registry.npmjs.org/proxy-addr cache-miss
73 http fetch GET 200 https://registry.npmjs.org/accepts 283ms (cache miss)
74 silly packumentCache full:https://registry.npmjs.org/accepts set size:undefined disposed:false
75 silly fetch manifest body-parser@^2.2.0
76 silly packumentCache full:https://registry.npmjs.org/body-parser cache-miss
77 http fetch GET 200 https://registry.npmjs.org/type-is 275ms (cache miss)
78 silly packumentCache full:https://registry.npmjs.org/type-is set size:undefined disposed:false
79 silly fetch manifest escape-html@^1.0.3
80 silly packumentCache full:https://registry.npmjs.org/escape-html cache-miss
81 http fetch GET 200 https://registry.npmjs.org/statuses 243ms (cache miss)
82 silly packumentCache full:https://registry.npmjs.org/statuses set size:undefined disposed:false
83 silly fetch manifest http-errors@^2.0.0
84 silly packumentCache full:https://registry.npmjs.org/http-errors cache-miss
85 http fetch GET 200 https://registry.npmjs.org/mime-types 237ms (cache miss)
86 silly packumentCache full:https://registry.npmjs.org/mime-types set size:undefined disposed:false
87 silly fetch manifest on-finished@^2.4.1
88 silly packumentCache full:https://registry.npmjs.org/on-finished cache-miss
89 http fetch GET 200 https://registry.npmjs.org/encodeurl 362ms (cache miss)
90 silly packumentCache full:https://registry.npmjs.org/encodeurl set size:undefined disposed:false
91 silly fetch manifest content-type@^1.0.5
92 silly packumentCache full:https://registry.npmjs.org/content-type cache-miss
93 http fetch GET 200 https://registry.npmjs.org/parseurl 438ms (cache miss)
94 silly packumentCache full:https://registry.npmjs.org/parseurl set size:undefined disposed:false
95 silly fetch manifest finalhandler@^2.1.0
96 silly packumentCache full:https://registry.npmjs.org/finalhandler cache-miss
97 http fetch GET 200 https://registry.npmjs.org/body-parser 263ms (cache miss)
98 silly packumentCache full:https://registry.npmjs.org/body-parser set size:undefined disposed:false
99 silly fetch manifest range-parser@^1.2.1
100 silly packumentCache full:https://registry.npmjs.org/range-parser cache-miss
101 http fetch GET 200 https://registry.npmjs.org/http-errors 247ms (cache miss)
102 silly packumentCache full:https://registry.npmjs.org/http-errors set size:undefined disposed:false
103 silly fetch manifest serve-static@^2.2.0
104 silly packumentCache full:https://registry.npmjs.org/serve-static cache-miss
105 http fetch GET 200 https://registry.npmjs.org/proxy-addr 388ms (cache miss)
106 silly packumentCache full:https://registry.npmjs.org/proxy-addr set size:undefined disposed:false
107 silly fetch manifest cookie-signature@^1.2.1
108 silly packumentCache full:https://registry.npmjs.org/cookie-signature cache-miss
109 http fetch GET 200 https://registry.npmjs.org/escape-html 384ms (cache miss)
110 silly packumentCache full:https://registry.npmjs.org/escape-html set size:undefined disposed:false
111 silly fetch manifest merge-descriptors@^2.0.0
112 silly packumentCache full:https://registry.npmjs.org/merge-descriptors cache-miss
113 http fetch GET 200 https://registry.npmjs.org/on-finished 363ms (cache miss)
114 silly packumentCache full:https://registry.npmjs.org/on-finished set size:undefined disposed:false
115 silly fetch manifest content-disposition@^1.0.0
116 silly packumentCache full:https://registry.npmjs.org/content-disposition cache-miss
117 http fetch GET 200 https://registry.npmjs.org/content-type 333ms (cache miss)
118 silly packumentCache full:https://registry.npmjs.org/content-type set size:undefined disposed:false
119 http fetch GET 200 https://registry.npmjs.org/finalhandler 287ms (cache miss)
120 silly packumentCache full:https://registry.npmjs.org/finalhandler set size:undefined disposed:false
121 http fetch GET 200 https://registry.npmjs.org/serve-static 254ms (cache miss)
122 silly packumentCache full:https://registry.npmjs.org/serve-static set size:undefined disposed:false
123 http fetch GET 200 https://registry.npmjs.org/cookie-signature 246ms (cache miss)
124 silly packumentCache full:https://registry.npmjs.org/cookie-signature set size:undefined disposed:false
125 http fetch GET 200 https://registry.npmjs.org/merge-descriptors 255ms (cache miss)
126 silly packumentCache full:https://registry.npmjs.org/merge-descriptors set size:undefined disposed:false
127 http fetch GET 200 https://registry.npmjs.org/range-parser 443ms (cache miss)
128 silly packumentCache full:https://registry.npmjs.org/range-parser set size:undefined disposed:false
129 http fetch GET 200 https://registry.npmjs.org/content-disposition 342ms (cache miss)
130 silly packumentCache full:https://registry.npmjs.org/content-disposition set size:undefined disposed:false
131 silly placeDep ROOT accepts@2.0.0 OK for: express@5.1.0 want: ^2.0.0
132 silly placeDep ROOT body-parser@2.2.0 OK for: express@5.1.0 want: ^2.2.0
133 silly placeDep ROOT content-disposition@1.0.0 OK for: express@5.1.0 want: ^1.0.0
134 silly placeDep ROOT content-type@1.0.5 OK for: express@5.1.0 want: ^1.0.5
135 silly placeDep ROOT cookie@0.7.2 OK for: express@5.1.0 want: ^0.7.1
136 silly placeDep ROOT cookie-signature@1.2.2 OK for: express@5.1.0 want: ^1.2.1
137 silly placeDep ROOT debug@4.4.3 OK for: express@5.1.0 want: ^4.4.0
138 silly placeDep ROOT encodeurl@2.0.0 OK for: express@5.1.0 want: ^2.0.0
139 silly placeDep ROOT escape-html@1.0.3 OK for: express@5.1.0 want: ^1.0.3
140 silly placeDep ROOT etag@1.8.1 OK for: express@5.1.0 want: ^1.8.1
141 silly placeDep ROOT finalhandler@2.1.0 OK for: express@5.1.0 want: ^2.1.0
142 silly placeDep ROOT fresh@2.0.0 OK for: express@5.1.0 want: ^2.0.0
143 silly placeDep ROOT http-errors@2.0.0 OK for: express@5.1.0 want: ^2.0.0
144 silly placeDep ROOT merge-descriptors@2.0.0 OK for: express@5.1.0 want: ^2.0.0
145 silly placeDep ROOT mime-types@3.0.1 OK for: express@5.1.0 want: ^3.0.0
146 silly placeDep ROOT on-finished@2.4.1 OK for: express@5.1.0 want: ^2.4.1
147 silly placeDep ROOT once@1.4.0 OK for: express@5.1.0 want: ^1.4.0
148 silly placeDep ROOT parseurl@1.3.3 OK for: express@5.1.0 want: ^1.3.3
149 silly placeDep ROOT proxy-addr@2.0.7 OK for: express@5.1.0 want: ^2.0.7
150 silly placeDep ROOT qs@6.14.0 OK for: express@5.1.0 want: ^6.14.0
151 silly placeDep ROOT range-parser@1.2.1 OK for: express@5.1.0 want: ^1.2.1
152 silly placeDep ROOT router@2.2.0 OK for: express@5.1.0 want: ^2.2.0
153 silly placeDep ROOT send@1.2.0 OK for: express@5.1.0 want: ^1.1.0
154 silly placeDep ROOT serve-static@2.2.0 OK for: express@5.1.0 want: ^2.2.0
155 silly placeDep ROOT statuses@2.0.2 OK for: express@5.1.0 want: ^2.0.1
156 silly placeDep ROOT type-is@2.0.1 OK for: express@5.1.0 want: ^2.0.1
157 silly placeDep ROOT vary@1.1.2 OK for: express@5.1.0 want: ^1.1.2
158 silly fetch manifest negotiator@^1.0.0
159 silly packumentCache full:https://registry.npmjs.org/negotiator cache-miss
160 silly fetch manifest bytes@^3.1.2
161 silly packumentCache full:https://registry.npmjs.org/bytes cache-miss
162 silly fetch manifest iconv-lite@^0.6.3
163 silly packumentCache full:https://registry.npmjs.org/iconv-lite cache-miss
164 silly fetch manifest raw-body@^3.0.0
165 silly packumentCache full:https://registry.npmjs.org/raw-body cache-miss
166 silly fetch manifest type-is@^2.0.0
167 silly packumentCache full:https://registry.npmjs.org/type-is cache-miss
168 silly fetch manifest safe-buffer@5.2.1
169 silly packumentCache full:https://registry.npmjs.org/safe-buffer cache-miss
170 silly fetch manifest ms@^2.1.3
171 silly packumentCache full:https://registry.npmjs.org/ms cache-miss
172 http cache https://registry.npmjs.org/type-is 50ms (cache hit)
173 silly packumentCache full:https://registry.npmjs.org/type-is set size:86196 disposed:false
174 silly fetch manifest depd@2.0.0
175 silly packumentCache full:https://registry.npmjs.org/depd cache-miss
176 http fetch GET 200 https://registry.npmjs.org/negotiator 279ms (cache miss)
177 silly packumentCache full:https://registry.npmjs.org/negotiator set size:undefined disposed:false
178 silly fetch manifest inherits@2.0.4
179 silly packumentCache full:https://registry.npmjs.org/inherits cache-miss
180 http fetch GET 200 https://registry.npmjs.org/bytes 282ms (cache miss)
181 silly packumentCache full:https://registry.npmjs.org/bytes set size:undefined disposed:false
182 silly fetch manifest statuses@2.0.1
183 silly packumentCache full:https://registry.npmjs.org/statuses cache-miss
184 http fetch GET 200 https://registry.npmjs.org/iconv-lite 291ms (cache miss)
185 silly packumentCache full:https://registry.npmjs.org/iconv-lite set size:undefined disposed:false
186 silly fetch manifest toidentifier@1.0.1
187 silly packumentCache full:https://registry.npmjs.org/toidentifier cache-miss
188 http fetch GET 200 https://registry.npmjs.org/ms 292ms (cache miss)
189 silly packumentCache full:https://registry.npmjs.org/ms set size:undefined disposed:false
190 silly fetch manifest setprototypeof@1.2.0
191 silly packumentCache full:https://registry.npmjs.org/setprototypeof cache-miss
192 http cache https://registry.npmjs.org/statuses 33ms (cache hit)
193 silly packumentCache full:https://registry.npmjs.org/statuses set size:37117 disposed:false
194 silly fetch manifest mime-db@^1.54.0
195 silly packumentCache full:https://registry.npmjs.org/mime-db cache-miss
196 http fetch GET 200 https://registry.npmjs.org/safe-buffer 313ms (cache miss)
197 silly packumentCache full:https://registry.npmjs.org/safe-buffer set size:undefined disposed:false
198 silly fetch manifest ee-first@1.1.1
199 silly packumentCache full:https://registry.npmjs.org/ee-first cache-miss
200 http fetch GET 200 https://registry.npmjs.org/depd 268ms (cache miss)
201 silly packumentCache full:https://registry.npmjs.org/depd set size:undefined disposed:false
202 silly fetch manifest wrappy@1
203 silly packumentCache full:https://registry.npmjs.org/wrappy cache-miss
204 http fetch GET 200 https://registry.npmjs.org/raw-body 377ms (cache miss)
205 silly packumentCache full:https://registry.npmjs.org/raw-body set size:undefined disposed:false
206 silly fetch manifest forwarded@0.2.0
207 silly packumentCache full:https://registry.npmjs.org/forwarded cache-miss
208 http fetch GET 200 https://registry.npmjs.org/toidentifier 266ms (cache miss)
209 silly packumentCache full:https://registry.npmjs.org/toidentifier set size:undefined disposed:false
210 silly fetch manifest ipaddr.js@1.9.1
211 silly packumentCache full:https://registry.npmjs.org/ipaddr.js cache-miss
212 http fetch GET 200 https://registry.npmjs.org/setprototypeof 266ms (cache miss)
213 silly packumentCache full:https://registry.npmjs.org/setprototypeof set size:undefined disposed:false
214 silly fetch manifest side-channel@^1.1.0
215 silly packumentCache full:https://registry.npmjs.org/side-channel cache-miss
216 http fetch GET 200 https://registry.npmjs.org/forwarded 255ms (cache miss)
217 silly packumentCache full:https://registry.npmjs.org/forwarded set size:undefined disposed:false
218 silly fetch manifest depd@^2.0.0
219 silly packumentCache full:https://registry.npmjs.org/depd cache-miss
220 http cache https://registry.npmjs.org/depd 11ms (cache hit)
221 silly packumentCache full:https://registry.npmjs.org/depd set size:40182 disposed:false
222 silly fetch manifest is-promise@^4.0.0
223 silly packumentCache full:https://registry.npmjs.org/is-promise cache-miss
224 http fetch GET 200 https://registry.npmjs.org/ee-first 432ms (cache miss)
225 silly packumentCache full:https://registry.npmjs.org/ee-first set size:undefined disposed:false
226 silly fetch manifest path-to-regexp@^8.0.0
227 silly packumentCache full:https://registry.npmjs.org/path-to-regexp cache-miss
228 http fetch GET 200 https://registry.npmjs.org/side-channel 439ms (cache miss)
229 silly packumentCache full:https://registry.npmjs.org/side-channel set size:undefined disposed:false
230 silly fetch manifest media-typer@^1.1.0
231 silly packumentCache full:https://registry.npmjs.org/media-typer cache-miss
232 http fetch GET 200 https://registry.npmjs.org/inherits 900ms (cache miss)
233 silly packumentCache full:https://registry.npmjs.org/inherits set size:undefined disposed:false
234 http fetch GET 200 https://registry.npmjs.org/path-to-regexp 493ms (cache miss)
235 silly packumentCache full:https://registry.npmjs.org/path-to-regexp set size:undefined disposed:false
236 http fetch GET 200 https://registry.npmjs.org/ipaddr.js 960ms (cache miss)
237 silly packumentCache full:https://registry.npmjs.org/ipaddr.js set size:undefined disposed:false
238 http fetch GET 200 https://registry.npmjs.org/media-typer 515ms (cache miss)
239 silly packumentCache full:https://registry.npmjs.org/media-typer set size:undefined disposed:false
240 http fetch GET 200 https://registry.npmjs.org/is-promise 881ms (cache miss)
241 silly packumentCache full:https://registry.npmjs.org/is-promise set size:undefined disposed:false
242 http fetch GET 200 https://registry.npmjs.org/wrappy 1269ms (cache miss)
243 silly packumentCache full:https://registry.npmjs.org/wrappy set size:undefined disposed:false
244 http fetch GET 200 https://registry.npmjs.org/mime-db 1314ms (cache miss)
245 silly packumentCache full:https://registry.npmjs.org/mime-db set size:undefined disposed:false
246 silly placeDep ROOT negotiator@1.0.0 OK for: accepts@2.0.0 want: ^1.0.0
247 silly placeDep ROOT bytes@3.1.2 OK for: body-parser@2.2.0 want: ^3.1.2
248 silly placeDep ROOT iconv-lite@0.6.3 OK for: body-parser@2.2.0 want: ^0.6.3
249 silly placeDep ROOT raw-body@3.0.1 OK for: body-parser@2.2.0 want: ^3.0.0
250 silly fetch manifest safer-buffer@>= 2.1.2 < 3.0.0
251 silly packumentCache full:https://registry.npmjs.org/safer-buffer cache-miss
252 silly fetch manifest iconv-lite@0.7.0
253 silly packumentCache full:https://registry.npmjs.org/iconv-lite cache-miss
254 silly fetch manifest unpipe@1.0.0
255 silly packumentCache full:https://registry.npmjs.org/unpipe cache-miss
256 http cache https://registry.npmjs.org/iconv-lite 18ms (cache hit)
257 silly packumentCache full:https://registry.npmjs.org/iconv-lite set size:118890 disposed:false
258 http fetch GET 200 https://registry.npmjs.org/safer-buffer 254ms (cache miss)
259 silly packumentCache full:https://registry.npmjs.org/safer-buffer set size:undefined disposed:false
260 http fetch GET 200 https://registry.npmjs.org/unpipe 256ms (cache miss)
261 silly packumentCache full:https://registry.npmjs.org/unpipe set size:undefined disposed:false
262 silly placeDep ROOT safe-buffer@5.2.1 OK for: content-disposition@1.0.0 want: 5.2.1
263 silly placeDep ROOT ms@2.1.3 OK for: debug@4.4.3 want: ^2.1.3
264 silly placeDep ROOT depd@2.0.0 OK for: http-errors@2.0.0 want: 2.0.0
265 silly placeDep ROOT inherits@2.0.4 OK for: http-errors@2.0.0 want: 2.0.4
266 silly placeDep ROOT setprototypeof@1.2.0 OK for: http-errors@2.0.0 want: 1.2.0
267 silly placeDep node_modules/http-errors statuses@2.0.1 OK for: http-errors@2.0.0 want: 2.0.1
268 silly placeDep ROOT toidentifier@1.0.1 OK for: http-errors@2.0.0 want: 1.0.1
269 silly placeDep ROOT safer-buffer@2.1.2 OK for: iconv-lite@0.6.3 want: >= 2.1.2 < 3.0.0
270 silly placeDep ROOT mime-db@1.54.0 OK for: mime-types@3.0.1 want: ^1.54.0
271 silly placeDep ROOT ee-first@1.1.1 OK for: on-finished@2.4.1 want: 1.1.1
272 silly placeDep ROOT wrappy@1.0.2 OK for: once@1.4.0 want: 1
273 silly placeDep ROOT forwarded@0.2.0 OK for: proxy-addr@2.0.7 want: 0.2.0
274 silly placeDep ROOT ipaddr.js@1.9.1 OK for: proxy-addr@2.0.7 want: 1.9.1
275 silly placeDep ROOT side-channel@1.1.0 OK for: qs@6.14.0 want: ^1.1.0
276 silly fetch manifest es-errors@^1.3.0
277 silly packumentCache full:https://registry.npmjs.org/es-errors cache-miss
278 silly fetch manifest object-inspect@^1.13.3
279 silly packumentCache full:https://registry.npmjs.org/object-inspect cache-miss
280 silly fetch manifest side-channel-list@^1.0.0
281 silly packumentCache full:https://registry.npmjs.org/side-channel-list cache-miss
282 silly fetch manifest side-channel-map@^1.0.1
283 silly packumentCache full:https://registry.npmjs.org/side-channel-map cache-miss
284 silly fetch manifest side-channel-weakmap@^1.0.2
285 silly packumentCache full:https://registry.npmjs.org/side-channel-weakmap cache-miss
286 http fetch GET 200 https://registry.npmjs.org/side-channel-map 383ms (cache miss)
287 silly packumentCache full:https://registry.npmjs.org/side-channel-map set size:undefined disposed:false
288 http fetch GET 200 https://registry.npmjs.org/side-channel-list 472ms (cache miss)
289 silly packumentCache full:https://registry.npmjs.org/side-channel-list set size:undefined disposed:false
290 http fetch GET 200 https://registry.npmjs.org/object-inspect 475ms (cache miss)
291 silly packumentCache full:https://registry.npmjs.org/object-inspect set size:undefined disposed:false
292 http fetch GET 200 https://registry.npmjs.org/side-channel-weakmap 476ms (cache miss)
293 silly packumentCache full:https://registry.npmjs.org/side-channel-weakmap set size:undefined disposed:false
294 http fetch GET 200 https://registry.npmjs.org/es-errors 521ms (cache miss)
295 silly packumentCache full:https://registry.npmjs.org/es-errors set size:undefined disposed:false
296 silly placeDep node_modules/raw-body iconv-lite@0.7.0 OK for: raw-body@3.0.1 want: 0.7.0
297 silly placeDep ROOT unpipe@1.0.0 OK for: raw-body@3.0.1 want: 1.0.0
298 silly placeDep ROOT is-promise@4.0.0 OK for: router@2.2.0 want: ^4.0.0
299 silly placeDep ROOT path-to-regexp@8.3.0 OK for: router@2.2.0 want: ^8.0.0
300 silly placeDep ROOT es-errors@1.3.0 OK for: side-channel@1.1.0 want: ^1.3.0
301 silly placeDep ROOT object-inspect@1.13.4 OK for: side-channel@1.1.0 want: ^1.13.3
302 silly placeDep ROOT side-channel-list@1.0.0 OK for: side-channel@1.1.0 want: ^1.0.0
303 silly placeDep ROOT side-channel-map@1.0.1 OK for: side-channel@1.1.0 want: ^1.0.1
304 silly placeDep ROOT side-channel-weakmap@1.0.2 OK for: side-channel@1.1.0 want: ^1.0.2
305 silly fetch manifest call-bound@^1.0.2
306 silly packumentCache full:https://registry.npmjs.org/call-bound cache-miss
307 silly fetch manifest get-intrinsic@^1.2.5
308 silly packumentCache full:https://registry.npmjs.org/get-intrinsic cache-miss
309 silly fetch manifest call-bound@^1.0.2
310 silly packumentCache full:https://registry.npmjs.org/call-bound cache-miss
311 silly fetch manifest get-intrinsic@^1.2.5
312 silly packumentCache full:https://registry.npmjs.org/get-intrinsic cache-miss
313 http fetch GET 200 https://registry.npmjs.org/call-bound 470ms (cache miss)
314 silly packumentCache full:https://registry.npmjs.org/call-bound set size:undefined disposed:false
315 http fetch GET 200 https://registry.npmjs.org/call-bound 476ms (cache miss)
316 silly packumentCache full:https://registry.npmjs.org/call-bound set size:undefined disposed:false
317 http fetch GET 200 https://registry.npmjs.org/get-intrinsic 479ms (cache miss)
318 silly packumentCache full:https://registry.npmjs.org/get-intrinsic set size:undefined disposed:false
319 http fetch GET 200 https://registry.npmjs.org/get-intrinsic 1006ms (cache miss)
320 silly packumentCache full:https://registry.npmjs.org/get-intrinsic set size:undefined disposed:false
321 silly placeDep ROOT call-bound@1.0.4 OK for: side-channel-map@1.0.1 want: ^1.0.2
322 silly placeDep ROOT get-intrinsic@1.3.0 OK for: side-channel-map@1.0.1 want: ^1.2.5
323 silly fetch manifest call-bind-apply-helpers@^1.0.2
324 silly packumentCache full:https://registry.npmjs.org/call-bind-apply-helpers cache-miss
325 silly fetch manifest get-intrinsic@^1.3.0
326 silly packumentCache full:https://registry.npmjs.org/get-intrinsic cache-miss
327 silly fetch manifest gopd@^1.2.0
328 silly packumentCache full:https://registry.npmjs.org/gopd cache-miss
329 silly fetch manifest hasown@^2.0.2
330 silly packumentCache full:https://registry.npmjs.org/hasown cache-miss
331 silly fetch manifest get-proto@^1.0.1
332 silly packumentCache full:https://registry.npmjs.org/get-proto cache-miss
333 silly fetch manifest has-symbols@^1.1.0
334 silly packumentCache full:https://registry.npmjs.org/has-symbols cache-miss
335 silly fetch manifest function-bind@^1.1.2
336 silly packumentCache full:https://registry.npmjs.org/function-bind cache-miss
337 http cache https://registry.npmjs.org/get-intrinsic 26ms (cache hit)
338 silly packumentCache full:https://registry.npmjs.org/get-intrinsic set size:60985 disposed:false
339 silly fetch manifest es-object-atoms@^1.1.1
340 silly packumentCache full:https://registry.npmjs.org/es-object-atoms cache-miss
341 http fetch GET 200 https://registry.npmjs.org/get-proto 346ms (cache miss)
342 silly packumentCache full:https://registry.npmjs.org/get-proto set size:undefined disposed:false
343 silly fetch manifest math-intrinsics@^1.1.0
344 silly packumentCache full:https://registry.npmjs.org/math-intrinsics cache-miss
345 http fetch GET 200 https://registry.npmjs.org/has-symbols 356ms (cache miss)
346 silly packumentCache full:https://registry.npmjs.org/has-symbols set size:undefined disposed:false
347 silly fetch manifest es-define-property@^1.0.1
348 silly packumentCache full:https://registry.npmjs.org/es-define-property cache-miss
349 http fetch GET 200 https://registry.npmjs.org/gopd 375ms (cache miss)
350 silly packumentCache full:https://registry.npmjs.org/gopd set size:undefined disposed:false
351 silly fetch manifest call-bind-apply-helpers@^1.0.2
352 silly packumentCache full:https://registry.npmjs.org/call-bind-apply-helpers cache-miss
353 http fetch GET 200 https://registry.npmjs.org/call-bind-apply-helpers 387ms (cache miss)
354 silly packumentCache full:https://registry.npmjs.org/call-bind-apply-helpers set size:undefined disposed:false
355 http fetch GET 200 https://registry.npmjs.org/hasown 512ms (cache miss)
356 silly packumentCache full:https://registry.npmjs.org/hasown set size:undefined disposed:false
357 http fetch GET 200 https://registry.npmjs.org/function-bind 512ms (cache miss)
358 silly packumentCache full:https://registry.npmjs.org/function-bind set size:undefined disposed:false
359 http fetch GET 200 https://registry.npmjs.org/call-bind-apply-helpers 1095ms (cache miss)
360 silly packumentCache full:https://registry.npmjs.org/call-bind-apply-helpers set size:undefined disposed:false
361 http fetch GET 200 https://registry.npmjs.org/es-define-property 1324ms (cache miss)
362 silly packumentCache full:https://registry.npmjs.org/es-define-property set size:undefined disposed:false
363 http fetch GET 200 https://registry.npmjs.org/math-intrinsics 1337ms (cache miss)
364 silly packumentCache full:https://registry.npmjs.org/math-intrinsics set size:undefined disposed:false
365 http fetch GET 200 https://registry.npmjs.org/es-object-atoms 1841ms (cache miss)
366 silly packumentCache full:https://registry.npmjs.org/es-object-atoms set size:undefined disposed:false
367 silly placeDep ROOT call-bind-apply-helpers@1.0.2 OK for: call-bound@1.0.4 want: ^1.0.2
368 silly placeDep ROOT function-bind@1.1.2 OK for: call-bind-apply-helpers@1.0.2 want: ^1.1.2
369 silly placeDep ROOT es-define-property@1.0.1 OK for: get-intrinsic@1.3.0 want: ^1.0.1
370 silly placeDep ROOT es-object-atoms@1.1.1 OK for: get-intrinsic@1.3.0 want: ^1.1.1
371 silly placeDep ROOT get-proto@1.0.1 OK for: get-intrinsic@1.3.0 want: ^1.0.1
372 silly placeDep ROOT gopd@1.2.0 OK for: get-intrinsic@1.3.0 want: ^1.2.0
373 silly placeDep ROOT has-symbols@1.1.0 OK for: get-intrinsic@1.3.0 want: ^1.1.0
374 silly placeDep ROOT hasown@2.0.2 OK for: get-intrinsic@1.3.0 want: ^2.0.2
375 silly placeDep ROOT math-intrinsics@1.1.0 OK for: get-intrinsic@1.3.0 want: ^1.1.0
376 silly fetch manifest dunder-proto@^1.0.1
377 silly packumentCache full:https://registry.npmjs.org/dunder-proto cache-miss
378 http fetch GET 200 https://registry.npmjs.org/dunder-proto 548ms (cache miss)
379 silly packumentCache full:https://registry.npmjs.org/dunder-proto set size:undefined disposed:false
380 silly placeDep ROOT dunder-proto@1.0.1 OK for: get-proto@1.0.1 want: ^1.0.1
381 silly placeDep ROOT media-typer@1.1.0 OK for: type-is@2.0.1 want: ^1.1.0
382 silly reify moves {}
383 http cache media-typer@https://registry.npmjs.org/media-typer/-/media-typer-1.1.0.tgz 0ms (cache hit)
384 http cache dunder-proto@https://registry.npmjs.org/dunder-proto/-/dunder-proto-1.0.1.tgz 0ms (cache hit)
385 http cache hasown@https://registry.npmjs.org/hasown/-/hasown-2.0.2.tgz 0ms (cache hit)
386 http cache math-intrinsics@https://registry.npmjs.org/math-intrinsics/-/math-intrinsics-1.1.0.tgz 0ms (cache hit)
387 http cache get-proto@https://registry.npmjs.org/get-proto/-/get-proto-1.0.1.tgz 0ms (cache hit)
388 http cache gopd@https://registry.npmjs.org/gopd/-/gopd-1.2.0.tgz 0ms (cache hit)
389 http cache es-object-atoms@https://registry.npmjs.org/es-object-atoms/-/es-object-atoms-1.1.1.tgz 0ms (cache hit)
390 http cache has-symbols@https://registry.npmjs.org/has-symbols/-/has-symbols-1.1.0.tgz 0ms (cache hit)
391 http cache es-define-property@https://registry.npmjs.org/es-define-property/-/es-define-property-1.0.1.tgz 0ms (cache hit)
392 http cache function-bind@https://registry.npmjs.org/function-bind/-/function-bind-1.1.2.tgz 0ms (cache hit)
393 http cache call-bind-apply-helpers@https://registry.npmjs.org/call-bind-apply-helpers/-/call-bind-apply-helpers-1.0.2.tgz 0ms (cache hit)
394 http cache get-intrinsic@https://registry.npmjs.org/get-intrinsic/-/get-intrinsic-1.3.0.tgz 0ms (cache hit)
395 http cache call-bound@https://registry.npmjs.org/call-bound/-/call-bound-1.0.4.tgz 0ms (cache hit)
396 http cache side-channel-weakmap@https://registry.npmjs.org/side-channel-weakmap/-/side-channel-weakmap-1.0.2.tgz 0ms (cache hit)
397 http cache side-channel-map@https://registry.npmjs.org/side-channel-map/-/side-channel-map-1.0.1.tgz 0ms (cache hit)
398 http cache side-channel-list@https://registry.npmjs.org/side-channel-list/-/side-channel-list-1.0.0.tgz 0ms (cache hit)
399 http cache object-inspect@https://registry.npmjs.org/object-inspect/-/object-inspect-1.13.4.tgz 0ms (cache hit)
400 http cache es-errors@https://registry.npmjs.org/es-errors/-/es-errors-1.3.0.tgz 0ms (cache hit)
401 http cache path-to-regexp@https://registry.npmjs.org/path-to-regexp/-/path-to-regexp-8.3.0.tgz 0ms (cache hit)
402 http cache unpipe@https://registry.npmjs.org/unpipe/-/unpipe-1.0.0.tgz 0ms (cache hit)
403 http cache side-channel@https://registry.npmjs.org/side-channel/-/side-channel-1.1.0.tgz 0ms (cache hit)
404 http cache ipaddr.js@https://registry.npmjs.org/ipaddr.js/-/ipaddr.js-1.9.1.tgz 0ms (cache hit)
405 http cache forwarded@https://registry.npmjs.org/forwarded/-/forwarded-0.2.0.tgz 0ms (cache hit)
406 http cache wrappy@https://registry.npmjs.org/wrappy/-/wrappy-1.0.2.tgz 0ms (cache hit)
407 http cache ee-first@https://registry.npmjs.org/ee-first/-/ee-first-1.1.1.tgz 0ms (cache hit)
408 http cache mime-db@https://registry.npmjs.org/mime-db/-/mime-db-1.54.0.tgz 0ms (cache hit)
409 http cache safer-buffer@https://registry.npmjs.org/safer-buffer/-/safer-buffer-2.1.2.tgz 0ms (cache hit)
410 http cache toidentifier@https://registry.npmjs.org/toidentifier/-/toidentifier-1.0.1.tgz 0ms (cache hit)
411 http cache is-promise@https://registry.npmjs.org/is-promise/-/is-promise-4.0.0.tgz 0ms (cache hit)
412 http cache setprototypeof@https://registry.npmjs.org/setprototypeof/-/setprototypeof-1.2.0.tgz 0ms (cache hit)
413 http cache inherits@https://registry.npmjs.org/inherits/-/inherits-2.0.4.tgz 0ms (cache hit)
414 http cache depd@https://registry.npmjs.org/depd/-/depd-2.0.0.tgz 0ms (cache hit)
415 http cache ms@https://registry.npmjs.org/ms/-/ms-2.1.3.tgz 0ms (cache hit)
416 http cache iconv-lite@https://registry.npmjs.org/iconv-lite/-/iconv-lite-0.6.3.tgz 0ms (cache hit)
417 http cache raw-body@https://registry.npmjs.org/raw-body/-/raw-body-3.0.1.tgz 0ms (cache hit)
418 http cache safe-buffer@https://registry.npmjs.org/safe-buffer/-/safe-buffer-5.2.1.tgz 0ms (cache hit)
419 http cache bytes@https://registry.npmjs.org/bytes/-/bytes-3.1.2.tgz 0ms (cache hit)
420 http cache negotiator@https://registry.npmjs.org/negotiator/-/negotiator-1.0.0.tgz 0ms (cache hit)
421 http cache vary@https://registry.npmjs.org/vary/-/vary-1.1.2.tgz 0ms (cache hit)
422 http cache type-is@https://registry.npmjs.org/type-is/-/type-is-2.0.1.tgz 0ms (cache hit)
423 http cache statuses@https://registry.npmjs.org/statuses/-/statuses-2.0.2.tgz 0ms (cache hit)
424 http cache serve-static@https://registry.npmjs.org/serve-static/-/serve-static-2.2.0.tgz 0ms (cache hit)
425 http cache send@https://registry.npmjs.org/send/-/send-1.2.0.tgz 0ms (cache hit)
426 http cache router@https://registry.npmjs.org/router/-/router-2.2.0.tgz 0ms (cache hit)
427 http cache range-parser@https://registry.npmjs.org/range-parser/-/range-parser-1.2.1.tgz 0ms (cache hit)
428 http cache qs@https://registry.npmjs.org/qs/-/qs-6.14.0.tgz 0ms (cache hit)
429 http cache proxy-addr@https://registry.npmjs.org/proxy-addr/-/proxy-addr-2.0.7.tgz 0ms (cache hit)
430 http cache parseurl@https://registry.npmjs.org/parseurl/-/parseurl-1.3.3.tgz 0ms (cache hit)
431 http cache once@https://registry.npmjs.org/once/-/once-1.4.0.tgz 0ms (cache hit)
432 http cache on-finished@https://registry.npmjs.org/on-finished/-/on-finished-2.4.1.tgz 0ms (cache hit)
433 http cache mime-types@https://registry.npmjs.org/mime-types/-/mime-types-3.0.1.tgz 0ms (cache hit)
434 http cache merge-descriptors@https://registry.npmjs.org/merge-descriptors/-/merge-descriptors-2.0.0.tgz 0ms (cache hit)
435 http cache http-errors@https://registry.npmjs.org/http-errors/-/http-errors-2.0.0.tgz 0ms (cache hit)
436 http cache fresh@https://registry.npmjs.org/fresh/-/fresh-2.0.0.tgz 0ms (cache hit)
437 http cache finalhandler@https://registry.npmjs.org/finalhandler/-/finalhandler-2.1.0.tgz 0ms (cache hit)
438 http cache etag@https://registry.npmjs.org/etag/-/etag-1.8.1.tgz 0ms (cache hit)
439 http cache escape-html@https://registry.npmjs.org/escape-html/-/escape-html-1.0.3.tgz 0ms (cache hit)
440 http cache encodeurl@https://registry.npmjs.org/encodeurl/-/encodeurl-2.0.0.tgz 0ms (cache hit)
441 http cache debug@https://registry.npmjs.org/debug/-/debug-4.4.3.tgz 0ms (cache hit)
442 http cache cookie-signature@https://registry.npmjs.org/cookie-signature/-/cookie-signature-1.2.2.tgz 0ms (cache hit)
443 http cache cookie@https://registry.npmjs.org/cookie/-/cookie-0.7.2.tgz 0ms (cache hit)
444 http cache content-type@https://registry.npmjs.org/content-type/-/content-type-1.0.5.tgz 0ms (cache hit)
445 http cache content-disposition@https://registry.npmjs.org/content-disposition/-/content-disposition-1.0.0.tgz 0ms (cache hit)
446 http cache body-parser@https://registry.npmjs.org/body-parser/-/body-parser-2.2.0.tgz 1ms (cache hit)
447 http cache accepts@https://registry.npmjs.org/accepts/-/accepts-2.0.0.tgz 0ms (cache hit)
448 http cache express@https://registry.npmjs.org/express/-/express-5.1.0.tgz 0ms (cache hit)
449 http cache dotenv@https://registry.npmjs.org/dotenv/-/dotenv-17.2.3.tgz 0ms (cache hit)
450 http cache iconv-lite@https://registry.npmjs.org/iconv-lite/-/iconv-lite-0.7.0.tgz 0ms (cache hit)
451 http cache statuses@https://registry.npmjs.org/statuses/-/statuses-2.0.1.tgz 0ms (cache hit)
452 silly tarball no local data for dunder-proto@https://registry.npmjs.org/dunder-proto/-/dunder-proto-1.0.1.tgz. Extracting by manifest.
453 silly tarball no local data for hasown@https://registry.npmjs.org/hasown/-/hasown-2.0.2.tgz. Extracting by manifest.
454 silly tarball no local data for math-intrinsics@https://registry.npmjs.org/math-intrinsics/-/math-intrinsics-1.1.0.tgz. Extracting by manifest.
455 silly tarball no local data for get-proto@https://registry.npmjs.org/get-proto/-/get-proto-1.0.1.tgz. Extracting by manifest.
456 silly tarball no local data for media-typer@https://registry.npmjs.org/media-typer/-/media-typer-1.1.0.tgz. Extracting by manifest.
457 silly tarball no local data for gopd@https://registry.npmjs.org/gopd/-/gopd-1.2.0.tgz. Extracting by manifest.
458 silly tarball no local data for es-object-atoms@https://registry.npmjs.org/es-object-atoms/-/es-object-atoms-1.1.1.tgz. Extracting by manifest.
459 silly tarball no local data for has-symbols@https://registry.npmjs.org/has-symbols/-/has-symbols-1.1.0.tgz. Extracting by manifest.
460 silly tarball no local data for function-bind@https://registry.npmjs.org/function-bind/-/function-bind-1.1.2.tgz. Extracting by manifest.
461 silly tarball no local data for call-bind-apply-helpers@https://registry.npmjs.org/call-bind-apply-helpers/-/call-bind-apply-helpers-1.0.2.tgz. Extracting by manifest.
462 silly tarball no local data for get-intrinsic@https://registry.npmjs.org/get-intrinsic/-/get-intrinsic-1.3.0.tgz. Extracting by manifest.
463 silly tarball no local data for call-bound@https://registry.npmjs.org/call-bound/-/call-bound-1.0.4.tgz. Extracting by manifest.
464 silly tarball no local data for side-channel-map@https://registry.npmjs.org/side-channel-map/-/side-channel-map-1.0.1.tgz. Extracting by manifest.
465 silly tarball no local data for side-channel-list@https://registry.npmjs.org/side-channel-list/-/side-channel-list-1.0.0.tgz. Extracting by manifest.
466 silly tarball no local data for side-channel-weakmap@https://registry.npmjs.org/side-channel-weakmap/-/side-channel-weakmap-1.0.2.tgz. Extracting by manifest.
467 silly tarball no local data for object-inspect@https://registry.npmjs.org/object-inspect/-/object-inspect-1.13.4.tgz. Extracting by manifest.
468 silly tarball no local data for es-errors@https://registry.npmjs.org/es-errors/-/es-errors-1.3.0.tgz. Extracting by manifest.
469 silly tarball no local data for path-to-regexp@https://registry.npmjs.org/path-to-regexp/-/path-to-regexp-8.3.0.tgz. Extracting by manifest.
470 silly tarball no local data for es-define-property@https://registry.npmjs.org/es-define-property/-/es-define-property-1.0.1.tgz. Extracting by manifest.
471 silly tarball no local data for unpipe@https://registry.npmjs.org/unpipe/-/unpipe-1.0.0.tgz. Extracting by manifest.
472 silly tarball no local data for side-channel@https://registry.npmjs.org/side-channel/-/side-channel-1.1.0.tgz. Extracting by manifest.
473 silly tarball no local data for ipaddr.js@https://registry.npmjs.org/ipaddr.js/-/ipaddr.js-1.9.1.tgz. Extracting by manifest.
474 silly tarball no local data for forwarded@https://registry.npmjs.org/forwarded/-/forwarded-0.2.0.tgz. Extracting by manifest.
475 silly tarball no local data for wrappy@https://registry.npmjs.org/wrappy/-/wrappy-1.0.2.tgz. Extracting by manifest.
476 silly tarball no local data for ee-first@https://registry.npmjs.org/ee-first/-/ee-first-1.1.1.tgz. Extracting by manifest.
477 silly tarball no local data for mime-db@https://registry.npmjs.org/mime-db/-/mime-db-1.54.0.tgz. Extracting by manifest.
478 silly tarball no local data for toidentifier@https://registry.npmjs.org/toidentifier/-/toidentifier-1.0.1.tgz. Extracting by manifest.
479 silly tarball no local data for is-promise@https://registry.npmjs.org/is-promise/-/is-promise-4.0.0.tgz. Extracting by manifest.
480 silly tarball no local data for safer-buffer@https://registry.npmjs.org/safer-buffer/-/safer-buffer-2.1.2.tgz. Extracting by manifest.
481 silly tarball no local data for setprototypeof@https://registry.npmjs.org/setprototypeof/-/setprototypeof-1.2.0.tgz. Extracting by manifest.
482 silly tarball no local data for inherits@https://registry.npmjs.org/inherits/-/inherits-2.0.4.tgz. Extracting by manifest.
483 silly tarball no local data for depd@https://registry.npmjs.org/depd/-/depd-2.0.0.tgz. Extracting by manifest.
484 silly tarball no local data for ms@https://registry.npmjs.org/ms/-/ms-2.1.3.tgz. Extracting by manifest.
485 silly tarball no local data for iconv-lite@https://registry.npmjs.org/iconv-lite/-/iconv-lite-0.6.3.tgz. Extracting by manifest.
486 silly tarball no local data for raw-body@https://registry.npmjs.org/raw-body/-/raw-body-3.0.1.tgz. Extracting by manifest.
487 silly tarball no local data for safe-buffer@https://registry.npmjs.org/safe-buffer/-/safe-buffer-5.2.1.tgz. Extracting by manifest.
488 silly tarball no local data for bytes@https://registry.npmjs.org/bytes/-/bytes-3.1.2.tgz. Extracting by manifest.
489 silly tarball no local data for vary@https://registry.npmjs.org/vary/-/vary-1.1.2.tgz. Extracting by manifest.
490 silly tarball no local data for type-is@https://registry.npmjs.org/type-is/-/type-is-2.0.1.tgz. Extracting by manifest.
491 silly tarball no local data for statuses@https://registry.npmjs.org/statuses/-/statuses-2.0.2.tgz. Extracting by manifest.
492 silly tarball no local data for serve-static@https://registry.npmjs.org/serve-static/-/serve-static-2.2.0.tgz. Extracting by manifest.
493 silly tarball no local data for send@https://registry.npmjs.org/send/-/send-1.2.0.tgz. Extracting by manifest.
494 silly tarball no local data for negotiator@https://registry.npmjs.org/negotiator/-/negotiator-1.0.0.tgz. Extracting by manifest.
495 silly tarball no local data for range-parser@https://registry.npmjs.org/range-parser/-/range-parser-1.2.1.tgz. Extracting by manifest.
496 silly tarball no local data for qs@https://registry.npmjs.org/qs/-/qs-6.14.0.tgz. Extracting by manifest.
497 silly tarball no local data for once@https://registry.npmjs.org/once/-/once-1.4.0.tgz. Extracting by manifest.
498 silly tarball no local data for proxy-addr@https://registry.npmjs.org/proxy-addr/-/proxy-addr-2.0.7.tgz. Extracting by manifest.
499 silly tarball no local data for parseurl@https://registry.npmjs.org/parseurl/-/parseurl-1.3.3.tgz. Extracting by manifest.
500 silly tarball no local data for mime-types@https://registry.npmjs.org/mime-types/-/mime-types-3.0.1.tgz. Extracting by manifest.
501 silly tarball no local data for router@https://registry.npmjs.org/router/-/router-2.2.0.tgz. Extracting by manifest.
502 silly tarball no local data for merge-descriptors@https://registry.npmjs.org/merge-descriptors/-/merge-descriptors-2.0.0.tgz. Extracting by manifest.
503 silly tarball no local data for http-errors@https://registry.npmjs.org/http-errors/-/http-errors-2.0.0.tgz. Extracting by manifest.
504 silly tarball no local data for fresh@https://registry.npmjs.org/fresh/-/fresh-2.0.0.tgz. Extracting by manifest.
505 silly tarball no local data for on-finished@https://registry.npmjs.org/on-finished/-/on-finished-2.4.1.tgz. Extracting by manifest.
506 silly tarball no local data for finalhandler@https://registry.npmjs.org/finalhandler/-/finalhandler-2.1.0.tgz. Extracting by manifest.
507 silly tarball no local data for etag@https://registry.npmjs.org/etag/-/etag-1.8.1.tgz. Extracting by manifest.
508 silly tarball no local data for escape-html@https://registry.npmjs.org/escape-html/-/escape-html-1.0.3.tgz. Extracting by manifest.
509 silly tarball no local data for encodeurl@https://registry.npmjs.org/encodeurl/-/encodeurl-2.0.0.tgz. Extracting by manifest.
510 silly tarball no local data for debug@https://registry.npmjs.org/debug/-/debug-4.4.3.tgz. Extracting by manifest.
511 silly tarball no local data for cookie-signature@https://registry.npmjs.org/cookie-signature/-/cookie-signature-1.2.2.tgz. Extracting by manifest.
512 silly tarball no local data for cookie@https://registry.npmjs.org/cookie/-/cookie-0.7.2.tgz. Extracting by manifest.
513 silly tarball no local data for content-type@https://registry.npmjs.org/content-type/-/content-type-1.0.5.tgz. Extracting by manifest.
514 silly tarball no local data for content-disposition@https://registry.npmjs.org/content-disposition/-/content-disposition-1.0.0.tgz. Extracting by manifest.
515 silly tarball no local data for body-parser@https://registry.npmjs.org/body-parser/-/body-parser-2.2.0.tgz. Extracting by manifest.
516 silly tarball no local data for accepts@https://registry.npmjs.org/accepts/-/accepts-2.0.0.tgz. Extracting by manifest.
517 silly tarball no local data for dotenv@https://registry.npmjs.org/dotenv/-/dotenv-17.2.3.tgz. Extracting by manifest.
518 silly tarball no local data for iconv-lite@https://registry.npmjs.org/iconv-lite/-/iconv-lite-0.7.0.tgz. Extracting by manifest.
519 silly tarball no local data for express@https://registry.npmjs.org/express/-/express-5.1.0.tgz. Extracting by manifest.
520 silly tarball no local data for statuses@https://registry.npmjs.org/statuses/-/statuses-2.0.1.tgz. Extracting by manifest.
521 http fetch GET 200 https://registry.npmjs.org/gopd/-/gopd-1.2.0.tgz 455ms (cache miss)
522 http fetch GET 200 https://registry.npmjs.org/math-intrinsics/-/math-intrinsics-1.1.0.tgz 460ms (cache miss)
523 http fetch GET 200 https://registry.npmjs.org/dunder-proto/-/dunder-proto-1.0.1.tgz 464ms (cache miss)
524 http fetch GET 200 https://registry.npmjs.org/media-typer/-/media-typer-1.1.0.tgz 460ms (cache miss)
525 http fetch GET 200 https://registry.npmjs.org/hasown/-/hasown-2.0.2.tgz 466ms (cache miss)
526 http fetch GET 200 https://registry.npmjs.org/es-object-atoms/-/es-object-atoms-1.1.1.tgz 464ms (cache miss)
527 http fetch GET 200 https://registry.npmjs.org/get-proto/-/get-proto-1.0.1.tgz 469ms (cache miss)
528 http fetch GET 200 https://registry.npmjs.org/ipaddr.js/-/ipaddr.js-1.9.1.tgz 843ms (cache miss)
529 http fetch GET 200 https://registry.npmjs.org/side-channel/-/side-channel-1.1.0.tgz 845ms (cache miss)
530 http fetch GET 200 https://registry.npmjs.org/unpipe/-/unpipe-1.0.0.tgz 848ms (cache miss)
531 http fetch GET 200 https://registry.npmjs.org/es-define-property/-/es-define-property-1.0.1.tgz 858ms (cache miss)
532 http fetch GET 200 https://registry.npmjs.org/path-to-regexp/-/path-to-regexp-8.3.0.tgz 862ms (cache miss)
533 http fetch GET 200 https://registry.npmjs.org/es-errors/-/es-errors-1.3.0.tgz 873ms (cache miss)
534 http fetch GET 200 https://registry.npmjs.org/object-inspect/-/object-inspect-1.13.4.tgz 895ms (cache miss)
535 http fetch GET 200 https://registry.npmjs.org/call-bind-apply-helpers/-/call-bind-apply-helpers-1.0.2.tgz 1011ms (cache miss)
536 http fetch GET 200 https://registry.npmjs.org/has-symbols/-/has-symbols-1.1.0.tgz 1021ms (cache miss)
537 http fetch GET 200 https://registry.npmjs.org/forwarded/-/forwarded-0.2.0.tgz 1120ms (cache miss)
538 http fetch GET 200 https://registry.npmjs.org/wrappy/-/wrappy-1.0.2.tgz 1132ms (cache miss)
539 http fetch GET 200 https://registry.npmjs.org/ee-first/-/ee-first-1.1.1.tgz 1147ms (cache miss)
540 http fetch GET 200 https://registry.npmjs.org/is-promise/-/is-promise-4.0.0.tgz 1144ms (cache miss)
541 http fetch GET 200 https://registry.npmjs.org/toidentifier/-/toidentifier-1.0.1.tgz 1147ms (cache miss)
542 http fetch GET 200 https://registry.npmjs.org/safer-buffer/-/safer-buffer-2.1.2.tgz 1148ms (cache miss)
543 http fetch GET 200 https://registry.npmjs.org/call-bound/-/call-bound-1.0.4.tgz 1186ms (cache miss)
544 http fetch GET 200 https://registry.npmjs.org/function-bind/-/function-bind-1.1.2.tgz 1197ms (cache miss)
545 http fetch GET 200 https://registry.npmjs.org/mime-db/-/mime-db-1.54.0.tgz 1197ms (cache miss)
546 http fetch GET 200 https://registry.npmjs.org/get-intrinsic/-/get-intrinsic-1.3.0.tgz 1225ms (cache miss)
547 http fetch GET 200 https://registry.npmjs.org/side-channel-weakmap/-/side-channel-weakmap-1.0.2.tgz 1242ms (cache miss)
548 http fetch GET 200 https://registry.npmjs.org/setprototypeof/-/setprototypeof-1.2.0.tgz 1224ms (cache miss)
549 http fetch GET 200 https://registry.npmjs.org/side-channel-list/-/side-channel-list-1.0.0.tgz 1252ms (cache miss)
550 http fetch GET 200 https://registry.npmjs.org/inherits/-/inherits-2.0.4.tgz 1225ms (cache miss)
551 http fetch GET 200 https://registry.npmjs.org/side-channel-map/-/side-channel-map-1.0.1.tgz 1255ms (cache miss)
552 http fetch GET 200 https://registry.npmjs.org/depd/-/depd-2.0.0.tgz 1249ms (cache miss)
553 http fetch GET 200 https://registry.npmjs.org/ms/-/ms-2.1.3.tgz 1251ms (cache miss)
554 http fetch GET 200 https://registry.npmjs.org/safe-buffer/-/safe-buffer-5.2.1.tgz 1512ms (cache miss)
555 http fetch GET 200 https://registry.npmjs.org/statuses/-/statuses-2.0.2.tgz 1511ms (cache miss)
556 http fetch GET 200 https://registry.npmjs.org/raw-body/-/raw-body-3.0.1.tgz 1520ms (cache miss)
557 http fetch GET 200 https://registry.npmjs.org/bytes/-/bytes-3.1.2.tgz 1536ms (cache miss)
558 http fetch GET 200 https://registry.npmjs.org/type-is/-/type-is-2.0.1.tgz 1538ms (cache miss)
559 http fetch GET 200 https://registry.npmjs.org/serve-static/-/serve-static-2.2.0.tgz 1538ms (cache miss)
560 http fetch GET 200 https://registry.npmjs.org/vary/-/vary-1.1.2.tgz 1553ms (cache miss)
561 http fetch GET 200 https://registry.npmjs.org/range-parser/-/range-parser-1.2.1.tgz 1550ms (cache miss)
562 http fetch GET 200 https://registry.npmjs.org/once/-/once-1.4.0.tgz 1563ms (cache miss)
563 http fetch GET 200 https://registry.npmjs.org/parseurl/-/parseurl-1.3.3.tgz 1560ms (cache miss)
564 http fetch GET 200 https://registry.npmjs.org/proxy-addr/-/proxy-addr-2.0.7.tgz 1564ms (cache miss)
565 http fetch GET 200 https://registry.npmjs.org/negotiator/-/negotiator-1.0.0.tgz 1592ms (cache miss)
566 http fetch GET 200 https://registry.npmjs.org/send/-/send-1.2.0.tgz 1611ms (cache miss)
567 http fetch GET 200 https://registry.npmjs.org/merge-descriptors/-/merge-descriptors-2.0.0.tgz 1602ms (cache miss)
568 http fetch GET 200 https://registry.npmjs.org/mime-types/-/mime-types-3.0.1.tgz 1607ms (cache miss)
569 http fetch GET 200 https://registry.npmjs.org/router/-/router-2.2.0.tgz 1610ms (cache miss)
570 http fetch GET 200 https://registry.npmjs.org/http-errors/-/http-errors-2.0.0.tgz 1617ms (cache miss)
571 http fetch GET 200 https://registry.npmjs.org/on-finished/-/on-finished-2.4.1.tgz 1615ms (cache miss)
572 http fetch GET 200 https://registry.npmjs.org/iconv-lite/-/iconv-lite-0.6.3.tgz 1665ms (cache miss)
573 http fetch GET 200 https://registry.npmjs.org/qs/-/qs-6.14.0.tgz 1655ms (cache miss)
574 http fetch GET 200 https://registry.npmjs.org/finalhandler/-/finalhandler-2.1.0.tgz 1828ms (cache miss)
575 http fetch GET 200 https://registry.npmjs.org/fresh/-/fresh-2.0.0.tgz 1835ms (cache miss)
576 http fetch GET 200 https://registry.npmjs.org/encodeurl/-/encodeurl-2.0.0.tgz 1833ms (cache miss)
577 http fetch GET 200 https://registry.npmjs.org/accepts/-/accepts-2.0.0.tgz 1825ms (cache miss)
578 http fetch GET 200 https://registry.npmjs.org/etag/-/etag-1.8.1.tgz 1838ms (cache miss)
579 http fetch GET 200 https://registry.npmjs.org/escape-html/-/escape-html-1.0.3.tgz 1838ms (cache miss)
580 http fetch GET 200 https://registry.npmjs.org/content-type/-/content-type-1.0.5.tgz 1833ms (cache miss)
581 http fetch GET 200 https://registry.npmjs.org/cookie-signature/-/cookie-signature-1.2.2.tgz 1836ms (cache miss)
582 http fetch GET 200 https://registry.npmjs.org/debug/-/debug-4.4.3.tgz 1840ms (cache miss)
583 http fetch GET 200 https://registry.npmjs.org/content-disposition/-/content-disposition-1.0.0.tgz 1836ms (cache miss)
584 http fetch GET 200 https://registry.npmjs.org/cookie/-/cookie-0.7.2.tgz 1840ms (cache miss)
585 http fetch GET 200 https://registry.npmjs.org/body-parser/-/body-parser-2.2.0.tgz 1837ms (cache miss)
586 http fetch GET 200 https://registry.npmjs.org/statuses/-/statuses-2.0.1.tgz 2007ms (cache miss)
587 http fetch GET 200 https://registry.npmjs.org/dotenv/-/dotenv-17.2.3.tgz 2021ms (cache miss)
588 http fetch GET 200 https://registry.npmjs.org/express/-/express-5.1.0.tgz 2041ms (cache miss)
589 http fetch GET 200 https://registry.npmjs.org/iconv-lite/-/iconv-lite-0.7.0.tgz 2443ms (cache miss)
590 silly ADD node_modules/media-typer
591 silly ADD node_modules/dunder-proto
592 silly ADD node_modules/math-intrinsics
593 silly ADD node_modules/hasown
594 silly ADD node_modules/has-symbols
595 silly ADD node_modules/gopd
596 silly ADD node_modules/get-proto
597 silly ADD node_modules/es-object-atoms
598 silly ADD node_modules/es-define-property
599 silly ADD node_modules/function-bind
600 silly ADD node_modules/call-bind-apply-helpers
601 silly ADD node_modules/get-intrinsic
602 silly ADD node_modules/call-bound
603 silly ADD node_modules/side-channel-weakmap
604 silly ADD node_modules/side-channel-map
605 silly ADD node_modules/side-channel-list
606 silly ADD node_modules/object-inspect
607 silly ADD node_modules/es-errors
608 silly ADD node_modules/path-to-regexp
609 silly ADD node_modules/is-promise
610 silly ADD node_modules/unpipe
611 silly ADD node_modules/side-channel
612 silly ADD node_modules/ipaddr.js
613 silly ADD node_modules/forwarded
614 silly ADD node_modules/wrappy
615 silly ADD node_modules/ee-first
616 silly ADD node_modules/mime-db
617 silly ADD node_modules/safer-buffer
618 silly ADD node_modules/toidentifier
619 silly ADD node_modules/setprototypeof
620 silly ADD node_modules/inherits
621 silly ADD node_modules/depd
622 silly ADD node_modules/ms
623 silly ADD node_modules/safe-buffer
624 silly ADD node_modules/raw-body
625 silly ADD node_modules/raw-body/node_modules/iconv-lite
626 silly ADD node_modules/iconv-lite
627 silly ADD node_modules/bytes
628 silly ADD node_modules/negotiator
629 silly ADD node_modules/vary
630 silly ADD node_modules/type-is
631 silly ADD node_modules/statuses
632 silly ADD node_modules/serve-static
633 silly ADD node_modules/send
634 silly ADD node_modules/router
635 silly ADD node_modules/range-parser
636 silly ADD node_modules/qs
637 silly ADD node_modules/proxy-addr
638 silly ADD node_modules/parseurl
639 silly ADD node_modules/once
640 silly ADD node_modules/on-finished
641 silly ADD node_modules/mime-types
642 silly ADD node_modules/merge-descriptors
643 silly ADD node_modules/http-errors
644 silly ADD node_modules/http-errors/node_modules/statuses
645 silly ADD node_modules/fresh
646 silly ADD node_modules/finalhandler
647 silly ADD node_modules/etag
648 silly ADD node_modules/escape-html
649 silly ADD node_modules/encodeurl
650 silly ADD node_modules/debug
651 silly ADD node_modules/cookie-signature
652 silly ADD node_modules/cookie
653 silly ADD node_modules/content-type
654 silly ADD node_modules/content-disposition
655 silly ADD node_modules/body-parser
656 silly ADD node_modules/accepts
657 silly ADD node_modules/express
658 silly ADD node_modules/dotenv
659 verbose cwd /data/data/com.termux/files/home
660 verbose os Linux 5.10.209-android12-9-00016-g7c6bbcca33e1-ab12029497
661 verbose node v24.7.0
662 verbose npm  v11.5.1
663 verbose exit 0
664 info ok
